irun(64): 15.20-s084: (c) Copyright 1995-2020 Cadence Design Systems, Inc.
TOOL:	irun(64)	15.20-s084: Started on Apr 17, 2023 at 23:54:41 CST
irun
	-f ncvlog.f
		GPSDC.v
		testbench.v
		+access+r
		+define+FSDB
		+define+cao
		+debug
		+notimingchecks
	-loadpli1 debpli:novas_pli_boot
Recompiling... reason: file './GPSDC.v' is newer than expected.
	expected: Mon Apr 17 23:54:30 2023
	actual:   Mon Apr 17 23:54:40 2023
file: GPSDC.v
	module worklib.GPSDC:v
		errors: 0, warnings: 0
		Caching library 'worklib' ....... Done
	Elaborating the design hierarchy:
	Top level design units:
		test
	Building instance overlay tables: .................... Done
	Generating native compiled code:
		worklib.GPSDC:v <0x287f9d0d>
			streams:  69, words: 40048
	Building instance specific data structures.
	Loading native compiled code:     .................... Done
	Design hierarchy summary:
		                  Instances  Unique
		Modules:                  4       4
		Registers:               47      47
		Scalar wires:             4       -
		Vectored wires:          38       -
		Always blocks:           33      33
		Initial blocks:           7       7
		Cont. assignments:       30      32
		Pseudo assignments:       1       1
		Simulation timescale:  10ps
	Writing initial simulation snapshot: worklib.test:v
Loading snapshot worklib.test:v .................... Done
*Verdi* Loading libsscore_ius152.so
ncsim> source /usr/cad/cadence/INCISIV/INCISIVE_15.20.084/tools/inca/files/ncsimrc
ncsim> run
FSDB Dumper for IUS, Release Verdi_P-2019.06, Linux x86_64/64bit, 05/26/2019
(C) 1996 - 2019 by Synopsys, Inc.
*Verdi* FSDB WARNING: The FSDB file already exists. Overwriting the FSDB file may crash the programs that are using this file.
*Verdi* : Create FSDB file 'GPSDC_cao.fsdb'
*Verdi* : Begin traversing the MDAs under scope (test.GPSDC_u1), layer (0).
*Verdi* : Enable +mda and +packedmda dumping.
*Verdi* : End of traversing the MDAs.
*Verdi* : Begin traversing the scopes, layer (0).
*Verdi* : Enable +all dumping.
*Verdi* : End of traversing.
 ----------------------------------------------------------------------
TEST START !!!
 ----------------------------------------------------------------------
All data have been generated successfully!

 ----------------------------PASS--------------------------------------
Simulation complete via $finish(1) at time 548510 NS + 0
./testbench.v:147 	#10 $finish;
ncsim> exit
TOOL:	irun(64)	15.20-s084: Exiting on Apr 17, 2023 at 23:54:42 CST  (total: 00:00:01)
